c:\users\calia\documents\github\cs-uy3113\p1\sdlproject\debug\vc142.pdb
c:\users\calia\documents\github\cs-uy3113\p1\sdlproject\debug\vc142.idb
c:\users\calia\documents\github\cs-uy3113\p1\sdlproject\debug\shaderprogram.obj
c:\users\calia\documents\github\cs-uy3113\p1\sdlproject\debug\main.obj
c:\users\calia\documents\github\cs-uy3113\p2\sdlproject\debug\vc142.pdb
c:\users\calia\documents\github\cs-uy3113\p2\sdlproject\debug\vc142.idb
c:\users\calia\documents\github\cs-uy3113\p2\sdlproject\debug\shaderprogram.obj
c:\users\calia\documents\github\cs-uy3113\p2\sdlproject\debug\main.obj
c:\users\calia\documents\github\cs-uy3113\p3\sdlproject\debug\vc142.pdb
c:\users\calia\documents\github\cs-uy3113\p3\sdlproject\debug\vc142.idb
c:\users\calia\documents\github\cs-uy3113\p3\sdlproject\debug\shaderprogram.obj
c:\users\calia\documents\github\cs-uy3113\p3\sdlproject\debug\main.obj
c:\users\calia\documents\github\cs-uy3113\p3\sdlproject\debug\entity.obj
c:\users\calia\documents\github\cs-uy3113\p4\sdlproject\debug\vc142.pdb
c:\users\calia\documents\github\cs-uy3113\p4\sdlproject\debug\vc142.idb
c:\users\calia\documents\github\cs-uy3113\p4\sdlproject\debug\shaderprogram.obj
c:\users\calia\documents\github\cs-uy3113\p4\sdlproject\debug\main.obj
c:\users\calia\documents\github\cs-uy3113\p4\sdlproject\debug\entity.obj
c:\users\calia\documents\github\cs-uy3113\p5\sdlproject\debug\vc142.pdb
c:\users\calia\documents\github\cs-uy3113\p5\sdlproject\debug\vc142.idb
c:\users\calia\documents\github\cs-uy3113\p5\sdlproject\debug\shaderprogram.obj
c:\users\calia\documents\github\cs-uy3113\p5\sdlproject\debug\main.obj
c:\users\calia\documents\github\cs-uy3113\p5\sdlproject\debug\entity.obj
c:\users\calia\documents\github\cs-uy3113\p5\sdlproject\debug\map.obj
c:\users\calia\documents\github\cs-uy3113\p1\sdlproject\debug\sdlproject.exe
c:\users\calia\documents\github\cs-uy3113\p1\sdlproject\debug\sdlproject.ilk
c:\users\calia\documents\github\cs-uy3113\p1\sdlproject\debug\sdlproject.pdb
c:\users\calia\documents\github\cs-uy3113\p2\sdlproject\debug\sdlproject.exe
c:\users\calia\documents\github\cs-uy3113\p2\sdlproject\debug\sdlproject.ilk
c:\users\calia\documents\github\cs-uy3113\p2\sdlproject\debug\sdlproject.pdb
c:\users\calia\documents\github\cs-uy3113\p3\sdlproject\debug\sdlproject.exe
c:\users\calia\documents\github\cs-uy3113\p3\sdlproject\debug\sdlproject.ilk
c:\users\calia\documents\github\cs-uy3113\p3\sdlproject\debug\sdlproject.pdb
c:\users\calia\documents\github\cs-uy3113\p4\sdlproject\debug\sdlproject.exe
c:\users\calia\documents\github\cs-uy3113\p4\sdlproject\debug\sdlproject.ilk
c:\users\calia\documents\github\cs-uy3113\p4\sdlproject\debug\sdlproject.pdb
c:\users\calia\documents\github\cs-uy3113\p5\sdlproject\debug\sdlproject.exe
c:\users\calia\documents\github\cs-uy3113\p5\sdlproject\debug\sdlproject.ilk
c:\users\calia\documents\github\cs-uy3113\p5\sdlproject\debug\sdlproject.pdb
c:\users\calia\documents\github\cs-uy3113\p5\sdlproject\debug\sdlproject.tlog\cl.command.1.tlog
c:\users\calia\documents\github\cs-uy3113\p5\sdlproject\debug\sdlproject.tlog\cl.read.1.tlog
c:\users\calia\documents\github\cs-uy3113\p5\sdlproject\debug\sdlproject.tlog\cl.write.1.tlog
c:\users\calia\documents\github\cs-uy3113\p5\sdlproject\debug\sdlproject.tlog\link.command.1.tlog
c:\users\calia\documents\github\cs-uy3113\p5\sdlproject\debug\sdlproject.tlog\link.read.1.tlog
c:\users\calia\documents\github\cs-uy3113\p5\sdlproject\debug\sdlproject.tlog\link.write.1.tlog
